<?xml version="1.0" encoding="UTF-8"?>
<testsuite xmlns:xsi="http://www.w3.org/2001/XMLSchema-instance" xsi:noNamespaceSchemaLocation="https://maven.apache.org/surefire/maven-surefire-plugin/xsd/surefire-test-report.xsd" name="sample.web.staticcontent.SampleWebStaticApplicationTests" time="11.354" tests="2" errors="0" skipped="0" failures="0">
  <properties>
[...]
</properties>
  <testcase name="testCss" classname="sample.web.staticcontent.SampleWebStaticApplicationTests" time="1.342"/>
  <testcase name="testHome" classname="sample.web.staticcontent.SampleWebStaticApplicationTests" time="0.036"/>
</testsuite>